c:\dev\vivid3d\vivid3d\vivid3d\x64\release\vc143.pdb
c:\dev\vivid3d\vivid3d\vivid3d\x64\release\qrc_vivid3d.obj
c:\dev\vivid3d\vivid3d\vivid3d\x64\release\vivid3d.obj
c:\dev\vivid3d\vivid3d\vivid3d\x64\release\vscenegraph.obj
c:\dev\vivid3d\vivid3d\vivid3d\x64\release\vpropeditor.obj
c:\dev\vivid3d\vivid3d\vivid3d\x64\release\vtools.obj
c:\dev\vivid3d\vivid3d\vivid3d\x64\release\vcontentview.obj
c:\dev\vivid3d\vivid3d\vivid3d\x64\release\voutput.obj
c:\dev\vivid3d\vivid3d\vivid3d\x64\release\vpropertyeditor.obj
c:\dev\vivid3d\vivid3d\vivid3d\x64\release\vimagepreview.obj
c:\dev\vivid3d\vivid3d\vivid3d\x64\release\editor.obj
c:\dev\vivid3d\vivid3d\vivid3d\x64\release\vcolorpreview.obj
c:\dev\vivid3d\vivid3d\vivid3d\x64\release\vcontentbrowser.obj
c:\dev\vivid3d\vivid3d\vivid3d\x64\release\main.obj
c:\dev\vivid3d\vivid3d\vivid3d\x64\release\vtreeview.obj
c:\dev\vivid3d\vivid3d\vivid3d\x64\release\moc_vcolorpreview.obj
c:\dev\vivid3d\vivid3d\vivid3d\x64\release\moc_vimagepreview.obj
c:\dev\vivid3d\vivid3d\vivid3d\x64\release\moc_voutput.obj
c:\dev\vivid3d\vivid3d\vivid3d\x64\release\moc_vscenegraph.obj
c:\dev\vivid3d\vivid3d\vivid3d\x64\release\moc_vivid3d.obj
c:\dev\vivid3d\vivid3d\vivid3d\x64\release\moc_vcontentview.obj
c:\dev\vivid3d\vivid3d\vivid3d\x64\release\moc_vtreeview.obj
c:\dev\vivid3d\vivid3d\vivid3d\x64\release\moc_vtools.obj
c:\dev\vivid3d\vivid3d\vivid3d\x64\release\moc_vpropertyeditor.obj
c:\dev\vivid3d\vivid3d\vivid3d\x64\release\moc_vcontentbrowser.obj
c:\dev\vivid3d\vivid3d\vivid3d\x64\release\moc_vpropeditor.obj
c:\dev\vivid3d\vivid3d\vivid3d\x64\release\moc\moc_vivid3d.cpp
c:\dev\vivid3d\vivid3d\vivid3d\x64\release\moc\moc_voutput.cpp
c:\dev\vivid3d\vivid3d\vivid3d\x64\release\moc\moc_vscenegraph.cpp
c:\dev\vivid3d\vivid3d\vivid3d\x64\release\moc\moc_vtreeview.cpp
c:\dev\vivid3d\vivid3d\vivid3d\x64\release\moc\moc_vcolorpreview.cpp
c:\dev\vivid3d\vivid3d\vivid3d\x64\release\moc\moc_vimagepreview.cpp
c:\dev\vivid3d\vivid3d\vivid3d\x64\release\moc\moc_vpropeditor.cpp
c:\dev\vivid3d\vivid3d\vivid3d\x64\release\moc\moc_vpropertyeditor.cpp
c:\dev\vivid3d\vivid3d\vivid3d\x64\release\moc\moc_vcontentview.cpp
c:\dev\vivid3d\vivid3d\vivid3d\x64\release\moc\moc_vcontentbrowser.cpp
c:\dev\vivid3d\vivid3d\vivid3d\x64\release\moc\moc_vtools.cpp
c:\dev\vivid3d\vivid3d\vivid3d\x64\release\vivid3d.res
c:\dev\vivid3d\vivid3d\vivid3d\x64\release\rcc\qrc_vivid3d.cpp
c:\dev\vivid3d\vivid3d\vivid3d\x64\release\uic\ui_vcolorpreview.h
c:\dev\vivid3d\vivid3d\vivid3d\x64\release\uic\ui_vcontentbrowser.h
c:\dev\vivid3d\vivid3d\vivid3d\x64\release\uic\ui_vcontentview.h
c:\dev\vivid3d\vivid3d\vivid3d\x64\release\uic\ui_velementeditor.h
c:\dev\vivid3d\vivid3d\vivid3d\x64\release\uic\ui_vimagepreview.h
c:\dev\vivid3d\vivid3d\vivid3d\x64\release\uic\ui_vivid3d.h
c:\dev\vivid3d\vivid3d\vivid3d\x64\release\uic\ui_vpropeditor.h
c:\dev\vivid3d\vivid3d\vivid3d\x64\release\uic\ui_vpropertyeditor.h
c:\dev\vivid3d\vivid3d\vivid3d\x64\release\uic\ui_vscenegraph.h
c:\dev\vivid3d\vivid3d\vivid3d\x64\release\uic\ui_vtools.h
c:\dev\vivid3d\vivid3d\vivid3d\x64\release\uic\ui_vtreeview.h
c:\dev\vivid3d\vivid3d\vivid3d\x64\release\uic\ui_voutput.h
c:\dev\vivid3d\vivid3d\vivid3d\x64\release\vivid3d.tlog\cl.command.1.tlog
c:\dev\vivid3d\vivid3d\vivid3d\x64\release\vivid3d.tlog\cl.read.1.tlog
c:\dev\vivid3d\vivid3d\vivid3d\x64\release\vivid3d.tlog\cl.write.1.tlog
c:\dev\vivid3d\vivid3d\vivid3d\x64\release\vivid3d.tlog\link.command.1.tlog
c:\dev\vivid3d\vivid3d\vivid3d\x64\release\vivid3d.tlog\link.read.1.tlog
c:\dev\vivid3d\vivid3d\vivid3d\x64\release\vivid3d.tlog\link.write.1.tlog
c:\dev\vivid3d\vivid3d\vivid3d\x64\release\vivid3d.tlog\moc.read.1u.tlog
c:\dev\vivid3d\vivid3d\vivid3d\x64\release\vivid3d.tlog\moc.write.1u.tlog
c:\dev\vivid3d\vivid3d\vivid3d\x64\release\vivid3d.tlog\rc.command.1.tlog
c:\dev\vivid3d\vivid3d\vivid3d\x64\release\vivid3d.tlog\rc.read.1.tlog
c:\dev\vivid3d\vivid3d\vivid3d\x64\release\vivid3d.tlog\rc.write.1.tlog
c:\dev\vivid3d\vivid3d\vivid3d\x64\release\vivid3d.tlog\rcc.read.1u.tlog
c:\dev\vivid3d\vivid3d\vivid3d\x64\release\vivid3d.tlog\rcc.write.1u.tlog
c:\dev\vivid3d\vivid3d\vivid3d\x64\release\vivid3d.tlog\uic.read.1u.tlog
c:\dev\vivid3d\vivid3d\vivid3d\x64\release\vivid3d.tlog\uic.write.1u.tlog
c:\dev\vivid3d\vivid3d\vivid3d\x64\release\vivid3d.tlog\vivid3d.write.1u.tlog
