  Engine.cpp
  Importer.cpp
C:\Dev\Vivid3D\VividEngine\Importer.cpp(35,23): warning C4018: '<': signed/unsigned mismatch
C:\Dev\Vivid3D\VividEngine\Importer.cpp(40,27): warning C4018: '<': signed/unsigned mismatch
C:\Dev\Vivid3D\VividEngine\Importer.cpp(60,27): warning C4018: '<': signed/unsigned mismatch
  MaterialBase.cpp
  MaterialMeshLight.cpp
  Mesh3D.cpp
C:\Dev\Vivid3D\VividEngine\Mesh3D.cpp(64,36): warning C4267: '=': conversion from 'size_t' to 'Diligent::Uint32', possible loss of data
  MeshBuffer.cpp
  Node.cpp
C:\Dev\Vivid3D\VividEngine\MathsHelp.h(12,27): warning C4244: 'return': conversion from 'double' to 'float', possible loss of data
C:\Dev\Vivid3D\VividEngine\Node.cpp(21,21): warning C4267: 'return': conversion from 'size_t' to 'int', possible loss of data
  NodeCamera.cpp
  NodeEntity.cpp
C:\Dev\Vivid3D\VividEngine\NodeEntity.cpp(23,22): warning C4267: 'return': conversion from 'size_t' to 'int', possible loss of data
  NodeLight.cpp
  SceneGraph.cpp
  Texture2D.cpp
  Generating Code...
Importer.obj : warning LNK4006: "public: struct aiScene const * __cdecl Assimp::Importer::ReadFile(class std::basic_string<char,struct std::char_traits<char>,class std::allocator<char> > const &,unsigned int)" (?ReadFile@Importer@Assimp@@QEAAPEBUaiScene@@AEBV?$basic_string@DU?$char_traits@D@std@@V?$allocator@D@2@@std@@I@Z) already defined in assimp-vc143-mt.lib(assimp-vc143-mt.dll); second definition ignored
  VividEngine.vcxproj -> C:\Dev\Vivid3D\Vivid3D\x64\Debug\VividEngine.lib
