c:\dev\vivid3d\vivid3d\x64\debug\vividengine.pdb
c:\dev\vivid3d\vivid3d\x64\debug\vividengine.idb
c:\dev\vivid3d\vividengine\x64\debug\vividengine.obj
c:\dev\vivid3d\vividengine\x64\debug\vfile.obj
c:\dev\vivid3d\vividengine\x64\debug\texture2d.obj
c:\dev\vivid3d\vividengine\x64\debug\scenegraph.obj
c:\dev\vivid3d\vividengine\x64\debug\rendertargetcube.obj
c:\dev\vivid3d\vividengine\x64\debug\nodelight.obj
c:\dev\vivid3d\vividengine\x64\debug\nodeentity.obj
c:\dev\vivid3d\vividengine\x64\debug\nodecamera.obj
c:\dev\vivid3d\vividengine\x64\debug\node.obj
c:\dev\vivid3d\vividengine\x64\debug\meshbuffer.obj
c:\dev\vivid3d\vividengine\x64\debug\mesh3d.obj
c:\dev\vivid3d\vividengine\x64\debug\mathshelp.obj
c:\dev\vivid3d\vividengine\x64\debug\materialmeshlight.obj
c:\dev\vivid3d\vividengine\x64\debug\materialdepth.obj
c:\dev\vivid3d\vividengine\x64\debug\materialbase.obj
c:\dev\vivid3d\vividengine\x64\debug\importer.obj
c:\dev\vivid3d\vividengine\x64\debug\engine.obj
c:\dev\vivid3d\vividengine\x64\debug\cuberenderer.obj
c:\dev\vivid3d\vividengine\x64\debug\meshlinesbuffer.obj
c:\dev\vivid3d\vividengine\x64\debug\meshlines.obj
c:\dev\vivid3d\vividengine\x64\debug\materialmeshlines.obj
c:\dev\vivid3d\vividengine\x64\debug\quat.obj
c:\dev\vivid3d\vividengine\x64\debug\material2d.obj
c:\dev\vivid3d\vividengine\x64\debug\draw2d.obj
c:\dev\vivid3d\vividengine\x64\debug\vividengine.pch
c:\dev\vivid3d\vividengine\x64\debug\pch.obj
c:\dev\vivid3d\vividengine\x64\debug\scripthost.obj
c:\dev\vivid3d\vivid3d\x64\debug\vividengine.lib
c:\dev\vivid3d\vividengine\x64\debug\vividengine.tlog\cl.command.1.tlog
c:\dev\vivid3d\vividengine\x64\debug\vividengine.tlog\cl.items.tlog
c:\dev\vivid3d\vividengine\x64\debug\vividengine.tlog\cl.read.1.tlog
c:\dev\vivid3d\vividengine\x64\debug\vividengine.tlog\cl.write.1.tlog
c:\dev\vivid3d\vividengine\x64\debug\vividengine.tlog\lib-link.read.1.tlog
c:\dev\vivid3d\vividengine\x64\debug\vividengine.tlog\lib-link.write.1.tlog
c:\dev\vivid3d\vividengine\x64\debug\vividengine.tlog\lib.command.1.tlog
