c:\dev\vivid3d\vscript\x64\debug\vscript.pch
c:\dev\vivid3d\vivid3d\x64\debug\vscript.pdb
c:\dev\vivid3d\vivid3d\x64\debug\vscript.idb
c:\dev\vivid3d\vscript\x64\debug\pch.obj
c:\dev\vivid3d\vscript\x64\debug\vname.obj
c:\dev\vivid3d\vscript\x64\debug\vmodule.obj
c:\dev\vivid3d\vscript\x64\debug\vlambda.obj
c:\dev\vivid3d\vscript\x64\debug\vinvoke.obj
c:\dev\vivid3d\vscript\x64\debug\vif.obj
c:\dev\vivid3d\vscript\x64\debug\vfunction.obj
c:\dev\vivid3d\vscript\x64\debug\vforeach.obj
c:\dev\vivid3d\vscript\x64\debug\vfor.obj
c:\dev\vivid3d\vscript\x64\debug\vexpression.obj
c:\dev\vivid3d\vscript\x64\debug\vdefineparams.obj
c:\dev\vivid3d\vscript\x64\debug\vdeclareobject.obj
c:\dev\vivid3d\vscript\x64\debug\vdeclarearray.obj
c:\dev\vivid3d\vscript\x64\debug\vcontext.obj
c:\dev\vivid3d\vscript\x64\debug\vcodebody.obj
c:\dev\vivid3d\vscript\x64\debug\vclasscall.obj
c:\dev\vivid3d\vscript\x64\debug\vclassassign.obj
c:\dev\vivid3d\vscript\x64\debug\vclass.obj
c:\dev\vivid3d\vscript\x64\debug\vcallparameters.obj
c:\dev\vivid3d\vscript\x64\debug\vassignarray.obj
c:\dev\vivid3d\vscript\x64\debug\vaction.obj
c:\dev\vivid3d\vscript\x64\debug\vwhile.obj
c:\dev\vivid3d\vscript\x64\debug\vvargroup.obj
c:\dev\vivid3d\vscript\x64\debug\vvarassign.obj
c:\dev\vivid3d\vscript\x64\debug\vvar.obj
c:\dev\vivid3d\vscript\x64\debug\vtokenstream.obj
c:\dev\vivid3d\vscript\x64\debug\vtokenizer.obj
c:\dev\vivid3d\vscript\x64\debug\vtoken.obj
c:\dev\vivid3d\vscript\x64\debug\vstatementcall.obj
c:\dev\vivid3d\vscript\x64\debug\vsource.obj
c:\dev\vivid3d\vscript\x64\debug\vscript.obj
c:\dev\vivid3d\vscript\x64\debug\vscope.obj
c:\dev\vivid3d\vscript\x64\debug\vreturn.obj
c:\dev\vivid3d\vscript\x64\debug\vparser.obj
c:\dev\vivid3d\vscript\x64\debug\vparameter.obj
c:\dev\vivid3d\vivid3d\x64\debug\vscript.lib
c:\dev\vivid3d\vscript\x64\debug\vscript.tlog\cl.command.1.tlog
c:\dev\vivid3d\vscript\x64\debug\vscript.tlog\cl.items.tlog
c:\dev\vivid3d\vscript\x64\debug\vscript.tlog\cl.read.1.tlog
c:\dev\vivid3d\vscript\x64\debug\vscript.tlog\cl.write.1.tlog
c:\dev\vivid3d\vscript\x64\debug\vscript.tlog\lib-link.read.1.tlog
c:\dev\vivid3d\vscript\x64\debug\vscript.tlog\lib-link.write.1.tlog
c:\dev\vivid3d\vscript\x64\debug\vscript.tlog\lib.command.1.tlog
