c:\dev\vivid3d\vividengine\x64\release\vividengine.pch
c:\dev\vivid3d\vivid3d\x64\release\vividengine.pdb
c:\dev\vivid3d\vividengine\x64\release\pch.obj
c:\dev\vivid3d\vividengine\x64\release\nodeentity.obj
c:\dev\vivid3d\vividengine\x64\release\nodecamera.obj
c:\dev\vivid3d\vividengine\x64\release\node.obj
c:\dev\vivid3d\vividengine\x64\release\meshlinesbuffer.obj
c:\dev\vivid3d\vividengine\x64\release\meshlines.obj
c:\dev\vivid3d\vividengine\x64\release\meshbuffer.obj
c:\dev\vivid3d\vividengine\x64\release\mesh3d.obj
c:\dev\vivid3d\vividengine\x64\release\mathshelp.obj
c:\dev\vivid3d\vividengine\x64\release\materialmeshlines.obj
c:\dev\vivid3d\vividengine\x64\release\materialmeshlight.obj
c:\dev\vivid3d\vividengine\x64\release\materialdepth.obj
c:\dev\vivid3d\vividengine\x64\release\materialbase.obj
c:\dev\vivid3d\vividengine\x64\release\material2d.obj
c:\dev\vivid3d\vividengine\x64\release\intersections.obj
c:\dev\vivid3d\vividengine\x64\release\importer.obj
c:\dev\vivid3d\vividengine\x64\release\filehelp.obj
c:\dev\vivid3d\vividengine\x64\release\engine.obj
c:\dev\vivid3d\vividengine\x64\release\draw2d.obj
c:\dev\vivid3d\vividengine\x64\release\cuberenderer.obj
c:\dev\vivid3d\vividengine\x64\release\clbase.obj
c:\dev\vivid3d\vividengine\x64\release\vividengine.obj
c:\dev\vivid3d\vividengine\x64\release\vfile.obj
c:\dev\vivid3d\vividengine\x64\release\texture2d.obj
c:\dev\vivid3d\vividengine\x64\release\scripthost.obj
c:\dev\vivid3d\vividengine\x64\release\scenegraph.obj
c:\dev\vivid3d\vividengine\x64\release\rendertargetcube.obj
c:\dev\vivid3d\vividengine\x64\release\quat.obj
c:\dev\vivid3d\vividengine\x64\release\particleeffector.obj
c:\dev\vivid3d\vividengine\x64\release\nodelight.obj
c:\dev\vivid3d\vivid3d\x64\release\vividengine.lib
c:\dev\vivid3d\vividengine\x64\release\vividengine.tlog\cl.command.1.tlog
c:\dev\vivid3d\vividengine\x64\release\vividengine.tlog\cl.items.tlog
c:\dev\vivid3d\vividengine\x64\release\vividengine.tlog\cl.read.1.tlog
c:\dev\vivid3d\vividengine\x64\release\vividengine.tlog\cl.write.1.tlog
c:\dev\vivid3d\vividengine\x64\release\vividengine.tlog\lib-link.read.1.tlog
c:\dev\vivid3d\vividengine\x64\release\vividengine.tlog\lib-link.write.1.tlog
c:\dev\vivid3d\vividengine\x64\release\vividengine.tlog\lib.command.1.tlog
