c:\dev\vivid3d\vscript\x64\release\vscript.pch
c:\dev\vivid3d\vivid3d\x64\release\vscript.pdb
c:\dev\vivid3d\vscript\x64\release\pch.obj
c:\dev\vivid3d\vscript\x64\release\vname.obj
c:\dev\vivid3d\vscript\x64\release\vmodule.obj
c:\dev\vivid3d\vscript\x64\release\vlambda.obj
c:\dev\vivid3d\vscript\x64\release\vinvoke.obj
c:\dev\vivid3d\vscript\x64\release\vif.obj
c:\dev\vivid3d\vscript\x64\release\vfunction.obj
c:\dev\vivid3d\vscript\x64\release\vforeach.obj
c:\dev\vivid3d\vscript\x64\release\vfor.obj
c:\dev\vivid3d\vscript\x64\release\vexpression.obj
c:\dev\vivid3d\vscript\x64\release\vdefineparams.obj
c:\dev\vivid3d\vscript\x64\release\vdeclareobject.obj
c:\dev\vivid3d\vscript\x64\release\vdeclarearray.obj
c:\dev\vivid3d\vscript\x64\release\vcontext.obj
c:\dev\vivid3d\vscript\x64\release\vcodebody.obj
c:\dev\vivid3d\vscript\x64\release\vclasscall.obj
c:\dev\vivid3d\vscript\x64\release\vclassassign.obj
c:\dev\vivid3d\vscript\x64\release\vclass.obj
c:\dev\vivid3d\vscript\x64\release\vcallparameters.obj
c:\dev\vivid3d\vscript\x64\release\vassignarray.obj
c:\dev\vivid3d\vscript\x64\release\vaction.obj
c:\dev\vivid3d\vscript\x64\release\vwhile.obj
c:\dev\vivid3d\vscript\x64\release\vvargroup.obj
c:\dev\vivid3d\vscript\x64\release\vvarassign.obj
c:\dev\vivid3d\vscript\x64\release\vvar.obj
c:\dev\vivid3d\vscript\x64\release\vtokenstream.obj
c:\dev\vivid3d\vscript\x64\release\vtokenizer.obj
c:\dev\vivid3d\vscript\x64\release\vtoken.obj
c:\dev\vivid3d\vscript\x64\release\vstatementcall.obj
c:\dev\vivid3d\vscript\x64\release\vsource.obj
c:\dev\vivid3d\vscript\x64\release\vscript.obj
c:\dev\vivid3d\vscript\x64\release\vscope.obj
c:\dev\vivid3d\vscript\x64\release\vreturn.obj
c:\dev\vivid3d\vscript\x64\release\vparser.obj
c:\dev\vivid3d\vscript\x64\release\vparameter.obj
c:\dev\vivid3d\vivid3d\x64\release\vscript.lib
c:\dev\vivid3d\vscript\x64\release\vscript.tlog\cl.command.1.tlog
c:\dev\vivid3d\vscript\x64\release\vscript.tlog\cl.items.tlog
c:\dev\vivid3d\vscript\x64\release\vscript.tlog\cl.read.1.tlog
c:\dev\vivid3d\vscript\x64\release\vscript.tlog\cl.write.1.tlog
c:\dev\vivid3d\vscript\x64\release\vscript.tlog\lib-link.read.1.tlog
c:\dev\vivid3d\vscript\x64\release\vscript.tlog\lib-link.write.1.tlog
c:\dev\vivid3d\vscript\x64\release\vscript.tlog\lib.command.1.tlog
