c:\dev\vivid3d\vivid3d\vivid3d\x64\debug\vivid3d.obj
c:\dev\vivid3d\vivid3d\vivid3d\x64\debug\main.obj
c:\dev\vivid3d\vivid3d\vivid3d\x64\debug\vc143.pdb
c:\dev\vivid3d\vivid3d\vivid3d\x64\debug\vc143.idb
c:\dev\vivid3d\vivid3d\vivid3d\x64\debug\qrc_vivid3d.obj
c:\dev\vivid3d\vivid3d\vivid3d\x64\debug\voutput.obj
c:\dev\vivid3d\vivid3d\vivid3d\x64\debug\moc_vivid3d.obj
c:\dev\vivid3d\vivid3d\vivid3d\x64\debug\moc_voutput.obj
c:\dev\vivid3d\vivid3d\vivid3d\x64\debug\moc\moc_voutput.cpp
c:\dev\vivid3d\vivid3d\vivid3d\x64\debug\vivid3d.res
c:\dev\vivid3d\vivid3d\vivid3d\x64\debug\rcc\qrc_vivid3d.cpp
c:\dev\vivid3d\vivid3d\vivid3d\x64\debug\uic\ui_voutput.h
c:\dev\vivid3d\vivid3d\vivid3d\x64\debug\uic\ui_vivid3d.h
c:\dev\vivid3d\vivid3d\vivid3d\x64\debug\moc\moc_vivid3d.cpp
c:\dev\vivid3d\vivid3d\vivid3d\x64\debug\vivid3d.ilk
c:\dev\vivid3d\vivid3d\x64\debug\vivid3d.pdb
c:\dev\vivid3d\vivid3d\vivid3d\x64\debug\vivid3d.tlog\cl.command.1.tlog
c:\dev\vivid3d\vivid3d\vivid3d\x64\debug\vivid3d.tlog\cl.items.tlog
c:\dev\vivid3d\vivid3d\vivid3d\x64\debug\vivid3d.tlog\cl.read.1.tlog
c:\dev\vivid3d\vivid3d\vivid3d\x64\debug\vivid3d.tlog\cl.write.1.tlog
c:\dev\vivid3d\vivid3d\vivid3d\x64\debug\vivid3d.tlog\link.command.1.tlog
c:\dev\vivid3d\vivid3d\vivid3d\x64\debug\vivid3d.tlog\link.read.1.tlog
c:\dev\vivid3d\vivid3d\vivid3d\x64\debug\vivid3d.tlog\link.secondary.1.tlog
c:\dev\vivid3d\vivid3d\vivid3d\x64\debug\vivid3d.tlog\link.write.1.tlog
c:\dev\vivid3d\vivid3d\vivid3d\x64\debug\vivid3d.tlog\moc.read.1u.tlog
c:\dev\vivid3d\vivid3d\vivid3d\x64\debug\vivid3d.tlog\moc.write.1u.tlog
c:\dev\vivid3d\vivid3d\vivid3d\x64\debug\vivid3d.tlog\rc.command.1.tlog
c:\dev\vivid3d\vivid3d\vivid3d\x64\debug\vivid3d.tlog\rc.read.1.tlog
c:\dev\vivid3d\vivid3d\vivid3d\x64\debug\vivid3d.tlog\rc.write.1.tlog
c:\dev\vivid3d\vivid3d\vivid3d\x64\debug\vivid3d.tlog\rcc.read.1u.tlog
c:\dev\vivid3d\vivid3d\vivid3d\x64\debug\vivid3d.tlog\rcc.write.1u.tlog
c:\dev\vivid3d\vivid3d\vivid3d\x64\debug\vivid3d.tlog\uic.read.1u.tlog
c:\dev\vivid3d\vivid3d\vivid3d\x64\debug\vivid3d.tlog\uic.write.1u.tlog
c:\dev\vivid3d\vivid3d\vivid3d\x64\debug\vivid3d.tlog\vivid3d.write.1u.tlog
